<?xml version="1.0" encoding="UTF-8"?>
<!-- Generated by org.testng.reporters.JUnitReportReporter -->
<testsuite hostname="LAPTOP-AJDG53AC" failures="0" tests="1" name="tests.ProductPageTest" time="9.574" errors="0" timestamp="2024-01-07T19:17:28 IST" skipped="0">
  <testcase classname="tests.ProductPageTest" name="addingProducts" time="9.574"/>
</testsuite> <!-- tests.ProductPageTest -->
