<?xml version="1.0" encoding="UTF-8"?>
<!-- Generated by org.testng.reporters.JUnitReportReporter -->
<testsuite hostname="LAPTOP-AJDG53AC" failures="0" tests="1" name="tests.BaseTest" time="10.709" errors="0" timestamp="2023-12-03T18:54:51 IST" skipped="0">
  <testcase classname="tests.BaseTest" name="ConfigureAppium" time="10.709"/>
</testsuite> <!-- tests.BaseTest -->
