<?xml version="1.0" encoding="UTF-8"?>
<!-- Generated by org.testng.reporters.JUnitReportReporter -->
<testsuite hostname="LAPTOP-AJDG53AC" failures="0" tests="1" name="tests.Page" time="0.010" errors="0" timestamp="2024-01-07T11:44:50 IST" skipped="0">
  <testcase classname="tests.Page" name="runningTest" time="0.010"/>
</testsuite> <!-- tests.Page -->
