<?xml version="1.0" encoding="UTF-8"?>
<!-- Generated by org.testng.reporters.JUnitReportReporter -->
<testsuite hostname="LAPTOP-AJDG53AC" failures="0" tests="1" name="tests.RegPageTest" time="9.586" errors="0" timestamp="2024-01-07T19:17:28 IST" skipped="0">
  <testcase classname="tests.RegPageTest" name="fillingData" time="9.586"/>
</testsuite> <!-- tests.RegPageTest -->
